Arguments: 
  /home/devnode/.nvm/versions/node/v12.19.0/bin/node /home/devnode/.nvm/versions/node/v12.19.0/bin/yarn add mongoose nodemon body-parser express jasonwebtoken bcryptjs

PATH: 
  /home/devnode/.nvm/versions/node/v12.19.0/bin:/home/devnode/.local/bin:/usr/local/sbin:/usr/local/bin:/usr/sbin:/usr/bin:/sbin:/bin:/usr/games:/usr/local/games:/snap/bin

Yarn version: 
  1.22.10

Node version: 
  12.19.0

Platform: 
  linux x64

Trace: 
  Error: https://registry.npmjs.org/jasonwebtoken: Not found
      at Request.params.callback [as _callback] (/home/devnode/.nvm/versions/node/v12.19.0/lib/node_modules/yarn/lib/cli.js:66988:18)
      at Request.self.callback (/home/devnode/.nvm/versions/node/v12.19.0/lib/node_modules/yarn/lib/cli.js:140662:22)
      at Request.emit (events.js:314:20)
      at Request.<anonymous> (/home/devnode/.nvm/versions/node/v12.19.0/lib/node_modules/yarn/lib/cli.js:141634:10)
      at Request.emit (events.js:314:20)
      at IncomingMessage.<anonymous> (/home/devnode/.nvm/versions/node/v12.19.0/lib/node_modules/yarn/lib/cli.js:141556:12)
      at Object.onceWrapper (events.js:420:28)
      at IncomingMessage.emit (events.js:326:22)
      at endReadableNT (_stream_readable.js:1223:12)
      at processTicksAndRejections (internal/process/task_queues.js:84:21)

npm manifest: 
  {
    "name": "server",
    "version": "1.0.0",
    "main": "index.js",
    "license": "MIT"
  }

yarn manifest: 
  No manifest

Lockfile: 
  No lockfile
